<?xml version="1.0" encoding="UTF-8"?>
<!-- Generated by org.testng.reporters.JUnitReportReporter -->
<testsuite hostname="WIN-8BJV37F2F8M" name="com.lemon.api.auto.cases.RegisterCase" tests="6" failures="0" timestamp="4 Jun 2019 14:52:52 GMT" time="2.263" errors="0">
  <testcase name="test1" time="1.409" classname="com.lemon.api.auto.cases.RegisterCase"/>
  <testcase name="test1" time="0.209" classname="com.lemon.api.auto.cases.RegisterCase"/>
  <testcase name="test1" time="0.150" classname="com.lemon.api.auto.cases.RegisterCase"/>
  <testcase name="test1" time="0.150" classname="com.lemon.api.auto.cases.RegisterCase"/>
  <testcase name="test1" time="0.203" classname="com.lemon.api.auto.cases.RegisterCase"/>
  <testcase name="test1" time="0.142" classname="com.lemon.api.auto.cases.RegisterCase"/>
</testsuite> <!-- com.lemon.api.auto.cases.RegisterCase -->
