<?xml version="1.0" encoding="UTF-8"?>
<!-- Generated by org.testng.reporters.JUnitReportReporter -->
<testsuite hostname="WIN-8BJV37F2F8M" name="com.lemon.api.auto.cases.RechargeCase" tests="9" failures="0" timestamp="4 Jun 2019 14:52:52 GMT" time="1.672" errors="0">
  <testcase name="test1" time="0.164" classname="com.lemon.api.auto.cases.RechargeCase"/>
  <testcase name="test1" time="0.170" classname="com.lemon.api.auto.cases.RechargeCase"/>
  <testcase name="test1" time="0.207" classname="com.lemon.api.auto.cases.RechargeCase"/>
  <testcase name="test1" time="0.227" classname="com.lemon.api.auto.cases.RechargeCase"/>
  <testcase name="test1" time="0.156" classname="com.lemon.api.auto.cases.RechargeCase"/>
  <testcase name="test1" time="0.235" classname="com.lemon.api.auto.cases.RechargeCase"/>
  <testcase name="test1" time="0.160" classname="com.lemon.api.auto.cases.RechargeCase"/>
  <testcase name="test1" time="0.188" classname="com.lemon.api.auto.cases.RechargeCase"/>
  <testcase name="test1" time="0.165" classname="com.lemon.api.auto.cases.RechargeCase"/>
</testsuite> <!-- com.lemon.api.auto.cases.RechargeCase -->
