<?xml version="1.0" encoding="UTF-8"?>
<!-- Generated by org.testng.reporters.JUnitReportReporter -->
<testsuite hostname="WIN-8BJV37F2F8M" name="com.lemon.api.auto.cases.LoginCase" tests="5" failures="0" timestamp="4 Jun 2019 14:52:52 GMT" time="1.265" errors="0">
  <testcase name="test1" time="0.143" classname="com.lemon.api.auto.cases.LoginCase"/>
  <testcase name="test1" time="0.521" classname="com.lemon.api.auto.cases.LoginCase"/>
  <testcase name="test1" time="0.241" classname="com.lemon.api.auto.cases.LoginCase"/>
  <testcase name="test1" time="0.175" classname="com.lemon.api.auto.cases.LoginCase"/>
  <testcase name="test1" time="0.185" classname="com.lemon.api.auto.cases.LoginCase"/>
</testsuite> <!-- com.lemon.api.auto.cases.LoginCase -->
